[0.013s] Invoking command in '/home/lloyd/cart_ws/src/practical_robot_tools/build/ros_arduino': CMAKE_PREFIX_PATH=${CMAKE_PREFIX_PATH}:/opt/ros/humble PS1=\[\033[01;32m\]\u@\h: \[\033[34m\]\W\[\033[00;32m\] $(git_branch)\[\033[00m\]$ /usr/bin/cmake --build /home/lloyd/cart_ws/src/practical_robot_tools/build/ros_arduino -- -j12 -l12
[0.050s] [35m[1mConsolidate compiler generated dependencies of target test_protocol[0m
[0.072s] [ 33%] [32mBuilding CXX object CMakeFiles/test_protocol.dir/src/SerialMessage.cpp.o[0m
[0.072s] [ 66%] [32mBuilding CXX object CMakeFiles/test_protocol.dir/src/test_protocol.cpp.o[0m
[0.325s] /home/lloyd/cart_ws/src/practical_robot_tools/ros_arduino/src/SerialMessage.cpp: In instantiation of â€˜[01m[KSerialMessage<T> SerialMessage<T>::unpack(const std::vector<unsigned char>&) [with T = bool][m[Kâ€™:
[0.325s] [01m[K/home/lloyd/cart_ws/src/practical_robot_tools/ros_arduino/src/SerialMessage.cpp:4:16:[m[K   required from here
[0.325s] [01m[K/home/lloyd/cart_ws/src/practical_robot_tools/ros_arduino/src/SerialMessage.cpp:71:16:[m[K [01;31m[Kerror: [m[Kcould not convert â€˜[01m[Kfalse[m[Kâ€™ from â€˜[01m[Kbool[m[Kâ€™ to â€˜[01m[KSerialMessage<bool>[m[Kâ€™
[0.325s]    71 |         return [01;31m[Kfalse[m[K;
[0.325s]       |                [01;31m[K^~~~~[m[K
[0.325s]       |                [01;31m[K|[m[K
[0.325s]       |                [01;31m[Kbool[m[K
[0.325s] [01m[K/home/lloyd/cart_ws/src/practical_robot_tools/ros_arduino/src/SerialMessage.cpp:86:16:[m[K [01;31m[Kerror: [m[Kcould not convert â€˜[01m[Kfalse[m[Kâ€™ from â€˜[01m[Kbool[m[Kâ€™ to â€˜[01m[KSerialMessage<bool>[m[Kâ€™
[0.325s]    86 |         return [01;31m[Kfalse[m[K;
[0.325s]       |                [01;31m[K^~~~~[m[K
[0.325s]       |                [01;31m[K|[m[K
[0.326s]       |                [01;31m[Kbool[m[K
[0.363s] gmake[2]: *** [CMakeFiles/test_protocol.dir/build.make:90: CMakeFiles/test_protocol.dir/src/SerialMessage.cpp.o] Error 1
[0.363s] gmake[2]: *** Waiting for unfinished jobs....
[2.380s] gmake[1]: *** [CMakeFiles/Makefile2:137: CMakeFiles/test_protocol.dir/all] Error 2
[2.380s] gmake: *** [Makefile:146: all] Error 2
[2.382s] Invoked command in '/home/lloyd/cart_ws/src/practical_robot_tools/build/ros_arduino' returned '2': CMAKE_PREFIX_PATH=${CMAKE_PREFIX_PATH}:/opt/ros/humble PS1=\[\033[01;32m\]\u@\h: \[\033[34m\]\W\[\033[00;32m\] $(git_branch)\[\033[00m\]$ /usr/bin/cmake --build /home/lloyd/cart_ws/src/practical_robot_tools/build/ros_arduino -- -j12 -l12
