[0.000000] (-) TimerEvent: {}
[0.000095] (-) JobUnselected: {'identifier': 'rplidar_motor_control'}
[0.000149] (ros_arduino) JobQueued: {'identifier': 'ros_arduino', 'dependencies': OrderedDict()}
[0.000263] (ros_arduino) JobStarted: {'identifier': 'ros_arduino'}
[0.009670] (ros_arduino) JobProgress: {'identifier': 'ros_arduino', 'progress': 'cmake'}
[0.010859] (ros_arduino) JobProgress: {'identifier': 'ros_arduino', 'progress': 'build'}
[0.010895] (ros_arduino) Command: {'cmd': ['/usr/bin/cmake', '--build', '/home/lloyd/cart_ws/src/practical_robot_tools/build/ros_arduino', '--', '-j12', '-l12'], 'cwd': '/home/lloyd/cart_ws/src/practical_robot_tools/build/ros_arduino', 'env': OrderedDict([('LESSOPEN', '| /usr/bin/lesspipe %s'), ('LANGUAGE', 'en_CA:en'), ('USER', 'lloyd'), ('XDG_SESSION_TYPE', 'x11'), ('SHLVL', '1'), ('LD_LIBRARY_PATH', '/home/lloyd/cart_ws/install/rplidar_ros/lib:/home/lloyd/cart_ws/install/microxrcedds_agent/lib:/usr/lib/x86_64-linux-gnu/gazebo-11/plugins:/opt/ros/humble/opt/rviz_ogre_vendor/lib:/opt/ros/humble/lib/x86_64-linux-gnu:/opt/ros/humble/lib:/usr/local/cuda-11.7/lib64:'), ('HOME', '/home/lloyd'), ('OLDPWD', '/home/lloyd/cart_ws'), ('DESKTOP_SESSION', 'ubuntu'), ('ROS_PYTHON_VERSION', '3'), ('GNOME_SHELL_SESSION_MODE', 'ubuntu'), ('GTK_MODULES', 'gail:atk-bridge'), ('PS1', '\\[\\033[01;32m\\]\\u@\\h: \\[\\033[34m\\]\\W\\[\\033[00;32m\\] $(git_branch)\\[\\033[00m\\]$'), ('MANAGERPID', '2321'), ('SYSTEMD_EXEC_PID', '2971'), ('DBUS_SESSION_BUS_ADDRESS', 'unix:path=/run/user/1000/bus'), ('COLORTERM', 'truecolor'), ('TERMINATOR_DBUS_NAME', 'net.tenshu.Terminator23558193cd9818af7fe4d2c2f5bd9d00f'), ('LIBVIRT_DEFAULT_URI', 'qemu:///system'), ('GIO_LAUNCHED_DESKTOP_FILE_PID', '64646'), ('COLCON_PREFIX_PATH', '/home/lloyd/cart_ws/install'), ('ROS_DISTRO', 'humble'), ('LOGNAME', 'lloyd'), ('JOURNAL_STREAM', '8:34767'), ('_', '/usr/bin/colcon'), ('ROS_VERSION', '2'), ('XDG_SESSION_CLASS', 'user'), ('USERNAME', 'lloyd'), ('TERM', 'xterm-256color'), ('GNOME_DESKTOP_SESSION_ID', 'this-is-deprecated'), ('ROS_LOCALHOST_ONLY', '0'), ('WINDOWPATH', '2'), ('PATH', '/home/lloyd/cart_ws/install/microxrcedds_agent/bin:/opt/ros/humble/bin:/usr/local/cuda-11.7/bin:/home/lloyd/.local/bin:/usr/local/sbin:/usr/local/bin:/usr/sbin:/usr/bin:/sbin:/bin:/usr/games:/usr/local/games:/snap/bin:/snap/bin:/home/lloyd/Scripts'), ('SESSION_MANAGER', 'local/msi-raider:@/tmp/.ICE-unix/2686,unix/msi-raider:/tmp/.ICE-unix/2686'), ('INVOCATION_ID', 'a0d8b9363c5b41fab9c24224d2744e9c'), ('XDG_MENU_PREFIX', 'gnome-'), ('XDG_RUNTIME_DIR', '/run/user/1000'), ('DISPLAY', ':1'), ('TERMINATOR_DBUS_PATH', '/net/tenshu/Terminator2'), ('LANG', 'en_CA.UTF-8'), ('XDG_CURRENT_DESKTOP', 'ubuntu:GNOME'), ('IBUS_DISABLE_SNOOPER', '1'), ('XMODIFIERS', '@im=ibus'), ('XDG_SESSION_DESKTOP', 'ubuntu'), ('XAUTHORITY', '/run/user/1000/gdm/Xauthority'), ('LS_COLORS', 'rs=0:di=01;34:ln=01;36:mh=00:pi=40;33:so=01;35:do=01;35:bd=40;33;01:cd=40;33;01:or=40;31;01:mi=00:su=37;41:sg=30;43:ca=30;41:tw=30;42:ow=34;42:st=37;44:ex=01;32:*.tar=01;31:*.tgz=01;31:*.arc=01;31:*.arj=01;31:*.taz=01;31:*.lha=01;31:*.lz4=01;31:*.lzh=01;31:*.lzma=01;31:*.tlz=01;31:*.txz=01;31:*.tzo=01;31:*.t7z=01;31:*.zip=01;31:*.z=01;31:*.dz=01;31:*.gz=01;31:*.lrz=01;31:*.lz=01;31:*.lzo=01;31:*.xz=01;31:*.zst=01;31:*.tzst=01;31:*.bz2=01;31:*.bz=01;31:*.tbz=01;31:*.tbz2=01;31:*.tz=01;31:*.deb=01;31:*.rpm=01;31:*.jar=01;31:*.war=01;31:*.ear=01;31:*.sar=01;31:*.rar=01;31:*.alz=01;31:*.ace=01;31:*.zoo=01;31:*.cpio=01;31:*.7z=01;31:*.rz=01;31:*.cab=01;31:*.wim=01;31:*.swm=01;31:*.dwm=01;31:*.esd=01;31:*.jpg=01;35:*.jpeg=01;35:*.mjpg=01;35:*.mjpeg=01;35:*.gif=01;35:*.bmp=01;35:*.pbm=01;35:*.pgm=01;35:*.ppm=01;35:*.tga=01;35:*.xbm=01;35:*.xpm=01;35:*.tif=01;35:*.tiff=01;35:*.png=01;35:*.svg=01;35:*.svgz=01;35:*.mng=01;35:*.pcx=01;35:*.mov=01;35:*.mpg=01;35:*.mpeg=01;35:*.m2v=01;35:*.mkv=01;35:*.webm=01;35:*.webp=01;35:*.ogm=01;35:*.mp4=01;35:*.m4v=01;35:*.mp4v=01;35:*.vob=01;35:*.qt=01;35:*.nuv=01;35:*.wmv=01;35:*.asf=01;35:*.rm=01;35:*.rmvb=01;35:*.flc=01;35:*.avi=01;35:*.fli=01;35:*.flv=01;35:*.gl=01;35:*.dl=01;35:*.xcf=01;35:*.xwd=01;35:*.yuv=01;35:*.cgm=01;35:*.emf=01;35:*.ogv=01;35:*.ogx=01;35:*.aac=00;36:*.au=00;36:*.flac=00;36:*.m4a=00;36:*.mid=00;36:*.midi=00;36:*.mka=00;36:*.mp3=00;36:*.mpc=00;36:*.ogg=00;36:*.ra=00;36:*.wav=00;36:*.oga=00;36:*.opus=00;36:*.spx=00;36:*.xspf=00;36:'), ('SSH_AGENT_LAUNCHER', 'gnome-keyring'), ('SSH_AUTH_SOCK', '/run/user/1000/keyring/ssh'), ('AMENT_PREFIX_PATH', '/home/lloyd/cart_ws/install/rplidar_ros:/home/lloyd/cart_ws/install/rplidar_motor_control:/home/lloyd/cart_ws/install/ros_arduino:/home/lloyd/cart_ws/install/cart_tests:/opt/ros/humble'), ('SHELL', '/bin/bash'), ('TERMINATOR_UUID', 'urn:uuid:2a0d7649-4025-4513-b26e-c1401410ebf1'), ('QT_ACCESSIBILITY', '1'), ('GDMSESSION', 'ubuntu'), ('LESSCLOSE', '/usr/bin/lesspipe %s %s'), ('GPG_AGENT_INFO', '/run/user/1000/gnupg/S.gpg-agent:0:1'), ('QT_IM_MODULE', 'ibus'), ('PWD', '/home/lloyd/cart_ws/src/practical_robot_tools/build/ros_arduino'), ('TURTLEBOT3_MODEL', 'burger'), ('CUDA_HOME', '/usr/local/cuda-11.7'), ('XDG_CONFIG_DIRS', '/etc/xdg/xdg-ubuntu:/etc/xdg'), ('XDG_DATA_DIRS', '/usr/share/ubuntu:/usr/share/gnome:/usr/local/share/:/usr/share/:/var/lib/snapd/desktop'), ('PYTHONPATH', '/opt/ros/humble/lib/python3.10/site-packages:/opt/ros/humble/local/lib/python3.10/dist-packages'), ('COLCON', '1'), ('VTE_VERSION', '6800'), ('CMAKE_PREFIX_PATH', '/home/lloyd/cart_ws/install/rplidar_ros:/home/lloyd/cart_ws/install/rplidar_motor_control:/home/lloyd/cart_ws/install/ros_arduino:/home/lloyd/cart_ws/install/microxrcedds_agent:/home/lloyd/cart_ws/install/cart_tests:/opt/ros/humble')]), 'shell': False}
[0.053096] (ros_arduino) StdoutLine: {'line': b'\x1b[35m\x1b[1mConsolidate compiler generated dependencies of target test_protocol\x1b[0m\n'}
[0.071537] (ros_arduino) StdoutLine: {'line': b'[ 33%] \x1b[32mBuilding CXX object CMakeFiles/test_protocol.dir/src/SerialMessage.cpp.o\x1b[0m\n'}
[0.099214] (-) TimerEvent: {}
[0.199481] (-) TimerEvent: {}
[0.299753] (-) TimerEvent: {}
[0.368957] (ros_arduino) StdoutLine: {'line': b'[ 66%] \x1b[32m\x1b[1mLinking CXX executable test_protocol\x1b[0m\n'}
[0.399845] (-) TimerEvent: {}
[0.498779] (ros_arduino) StderrLine: {'line': b"/usr/bin/ld: CMakeFiles/test_protocol.dir/src/test_protocol.cpp.o: in function `main':\n"}
[0.499097] (ros_arduino) StderrLine: {'line': b"test_protocol.cpp:(.text+0xdb): undefined reference to `ROS2Bool<bool>::ROS2Bool(std::__cxx11::basic_string<char, std::char_traits<char>, std::allocator<char> > const&, bool)'\n"}
[0.499166] (ros_arduino) StderrLine: {'line': b"/usr/bin/ld: test_protocol.cpp:(.text+0x10f): undefined reference to `ROS2Bool<bool>::pack()'\n"}
[0.499223] (ros_arduino) StderrLine: {'line': b"/usr/bin/ld: test_protocol.cpp:(.text+0xb95): undefined reference to `ROS2Bool<bool>::ROS2Bool()'\n"}
[0.499277] (ros_arduino) StderrLine: {'line': b"/usr/bin/ld: test_protocol.cpp:(.text+0xbae): undefined reference to `ROS2Bool<bool>::unpack(std::vector<unsigned char, std::allocator<unsigned char> > const&)'\n"}
[0.499332] (ros_arduino) StderrLine: {'line': b"/usr/bin/ld: test_protocol.cpp:(.text+0xbe0): undefined reference to `ROS2Bool<bool>::toString[abi:cxx11]() const'\n"}
[0.499387] (ros_arduino) StderrLine: {'line': b"/usr/bin/ld: test_protocol.cpp:(.text+0xc3f): undefined reference to `ROS2Bool<bool>::toString[abi:cxx11]() const'\n"}
[0.499463] (ros_arduino) StderrLine: {'line': b"/usr/bin/ld: test_protocol.cpp:(.text+0xca2): undefined reference to `ROS2Bool<bool>::toString[abi:cxx11]() const'\n"}
[0.499533] (ros_arduino) StderrLine: {'line': b"/usr/bin/ld: test_protocol.cpp:(.text+0xce5): undefined reference to `ROS2Bool<bool>::ROS2Bool(ROS2Bool<bool> const&)'\n"}
[0.499588] (ros_arduino) StderrLine: {'line': b"/usr/bin/ld: test_protocol.cpp:(.text+0xd1a): undefined reference to `ROS2Bool<bool>::toString[abi:cxx11]() const'\n"}
[0.499642] (ros_arduino) StderrLine: {'line': b"/usr/bin/ld: test_protocol.cpp:(.text+0xd63): undefined reference to `ROS2Bool<bool>::pack()'\n"}
[0.499695] (ros_arduino) StderrLine: {'line': b"/usr/bin/ld: test_protocol.cpp:(.text+0xe0c): undefined reference to `ROS2Bool<bool>::~ROS2Bool()'\n"}
[0.499756] (ros_arduino) StderrLine: {'line': b"/usr/bin/ld: test_protocol.cpp:(.text+0xe1b): undefined reference to `ROS2Bool<bool>::~ROS2Bool()'\n"}
[0.499809] (ros_arduino) StderrLine: {'line': b"/usr/bin/ld: test_protocol.cpp:(.text+0xe39): undefined reference to `ROS2Bool<bool>::~ROS2Bool()'\n"}
[0.499859] (-) TimerEvent: {}
[0.499991] (ros_arduino) StderrLine: {'line': b"/usr/bin/ld: test_protocol.cpp:(.text+0xf86): undefined reference to `ROS2Bool<bool>::~ROS2Bool()'\n"}
[0.500109] (ros_arduino) StderrLine: {'line': b"/usr/bin/ld: test_protocol.cpp:(.text+0xf9e): undefined reference to `ROS2Bool<bool>::~ROS2Bool()'\n"}
[0.500188] (ros_arduino) StderrLine: {'line': b"/usr/bin/ld: CMakeFiles/test_protocol.dir/src/test_protocol.cpp.o:test_protocol.cpp:(.text+0xfce): more undefined references to `ROS2Bool<bool>::~ROS2Bool()' follow\n"}
[0.505216] (ros_arduino) StderrLine: {'line': b'collect2: error: ld returned 1 exit status\n'}
[0.506846] (ros_arduino) StderrLine: {'line': b'gmake[2]: *** [CMakeFiles/test_protocol.dir/build.make:175: test_protocol] Error 1\n'}
[0.507152] (ros_arduino) StderrLine: {'line': b'gmake[1]: *** [CMakeFiles/Makefile2:137: CMakeFiles/test_protocol.dir/all] Error 2\n'}
[0.507372] (ros_arduino) StderrLine: {'line': b'gmake: *** [Makefile:146: all] Error 2\n'}
[0.509414] (ros_arduino) CommandEnded: {'returncode': 2}
[0.563900] (ros_arduino) JobEnded: {'identifier': 'ros_arduino', 'rc': 2}
[0.574594] (-) EventReactorShutdown: {}
