/home/lloyd/cart_ws/src/practical_robot_tools/ros_arduino/src/SerialMessage.cpp: In instantiation of â€˜[01m[KT SerialMessage<T>::unpack(const std::vector<unsigned char>&) [with T = bool][m[Kâ€™:
[01m[K/home/lloyd/cart_ws/src/practical_robot_tools/ros_arduino/src/SerialMessage.cpp:4:16:[m[K   required from here
[01m[K/home/lloyd/cart_ws/src/practical_robot_tools/ros_arduino/src/SerialMessage.cpp:106:15:[m[K [01;31m[Kerror: [m[Kno match for call to â€˜[01m[K(std::string {aka std::__cxx11::basic_string<char>}) (__gnu_cxx::__normal_iterator<const unsigned char*, std::vector<unsigned char> >, __gnu_cxx::__normal_iterator<const unsigned char*, std::vector<unsigned char> >)[m[Kâ€™
  106 |     [01;31m[Ktemp.topic(packet.begin() + 7, packet.begin() + 7 + temp.topic_length)[m[K;
      |     [01;31m[K~~~~~~~~~~^~~~~~~~~~~~~~~~~~~~~~~~~~~~~~~~~~~~~~~~~~~~~~~~~~~~~~~~~~~~[m[K
[01m[K/home/lloyd/cart_ws/src/practical_robot_tools/ros_arduino/src/SerialMessage.cpp:117:12:[m[K [01;31m[Kerror: [m[Kcannot convert â€˜[01m[KSerialMessage<bool>[m[Kâ€™ to â€˜[01m[Kbool[m[Kâ€™ in return
  117 |     return [01;31m[Ktemp[m[K;
      |            [01;31m[K^~~~[m[K
gmake[2]: *** [CMakeFiles/test_protocol.dir/build.make:90: CMakeFiles/test_protocol.dir/src/SerialMessage.cpp.o] Error 1
gmake[1]: *** [CMakeFiles/Makefile2:137: CMakeFiles/test_protocol.dir/all] Error 2
gmake: *** [Makefile:146: all] Error 2
