[0.062s] Invoking command in '/home/lloyd/cart_ws/src/practical_robot_tools/build/ros_arduino': CMAKE_PREFIX_PATH=${CMAKE_PREFIX_PATH}:/opt/ros/humble PS1=\[\033[01;32m\]\u@\h: \[\033[34m\]\W\[\033[00;32m\] $(git_branch)\[\033[00m\]$ /usr/bin/cmake --build /home/lloyd/cart_ws/src/practical_robot_tools/build/ros_arduino -- -j12 -l12
[0.103s] [35m[1mConsolidate compiler generated dependencies of target test_protocol[0m
[0.149s] [ 33%] [32mBuilding CXX object CMakeFiles/test_protocol.dir/src/test_protocol.cpp.o[0m
[2.526s] [ 66%] [32m[1mLinking CXX executable test_protocol[0m
[2.608s] /usr/bin/ld: CMakeFiles/test_protocol.dir/src/test_protocol.cpp.o: in function `main':
[2.608s] test_protocol.cpp:(.text+0xd8): undefined reference to `SerialMessage<bool>::SerialMessage(MessageType, std::__cxx11::basic_string<char, std::char_traits<char>, std::allocator<char> > const&)'
[2.608s] /usr/bin/ld: test_protocol.cpp:(.text+0x10c): undefined reference to `SerialMessage<bool>::pack() const'
[2.608s] /usr/bin/ld: test_protocol.cpp:(.text+0xb92): undefined reference to `SerialMessage<bool>::SerialMessage()'
[2.608s] /usr/bin/ld: test_protocol.cpp:(.text+0xbab): undefined reference to `SerialMessage<bool>::unpack(std::vector<unsigned char, std::allocator<unsigned char> > const&)'
[2.608s] /usr/bin/ld: test_protocol.cpp:(.text+0xbdd): undefined reference to `SerialMessage<bool>::toString[abi:cxx11]() const'
[2.608s] /usr/bin/ld: test_protocol.cpp:(.text+0xc3c): undefined reference to `SerialMessage<bool>::toString[abi:cxx11]() const'
[2.608s] /usr/bin/ld: test_protocol.cpp:(.text+0xcd5): undefined reference to `SerialMessage<bool>::toString[abi:cxx11]() const'
[2.608s] /usr/bin/ld: test_protocol.cpp:(.text+0xd18): undefined reference to `SerialMessage<bool>::SerialMessage(SerialMessage<bool> const&)'
[2.608s] /usr/bin/ld: test_protocol.cpp:(.text+0xd4d): undefined reference to `SerialMessage<bool>::toString[abi:cxx11]() const'
[2.608s] /usr/bin/ld: test_protocol.cpp:(.text+0xd96): undefined reference to `SerialMessage<bool>::pack() const'
[2.608s] /usr/bin/ld: test_protocol.cpp:(.text+0xe3f): undefined reference to `SerialMessage<bool>::~SerialMessage()'
[2.608s] /usr/bin/ld: test_protocol.cpp:(.text+0xe4e): undefined reference to `SerialMessage<bool>::~SerialMessage()'
[2.608s] /usr/bin/ld: test_protocol.cpp:(.text+0xe6c): undefined reference to `SerialMessage<bool>::~SerialMessage()'
[2.608s] /usr/bin/ld: test_protocol.cpp:(.text+0xfb9): undefined reference to `SerialMessage<bool>::~SerialMessage()'
[2.609s] /usr/bin/ld: test_protocol.cpp:(.text+0xfd1): undefined reference to `SerialMessage<bool>::~SerialMessage()'
[2.609s] /usr/bin/ld: CMakeFiles/test_protocol.dir/src/test_protocol.cpp.o:test_protocol.cpp:(.text+0x1001): more undefined references to `SerialMessage<bool>::~SerialMessage()' follow
[2.613s] collect2: error: ld returned 1 exit status
[2.615s] gmake[2]: *** [CMakeFiles/test_protocol.dir/build.make:175: test_protocol] Error 1
[2.615s] gmake[1]: *** [CMakeFiles/Makefile2:137: CMakeFiles/test_protocol.dir/all] Error 2
[2.615s] gmake: *** [Makefile:146: all] Error 2
[2.617s] Invoked command in '/home/lloyd/cart_ws/src/practical_robot_tools/build/ros_arduino' returned '2': CMAKE_PREFIX_PATH=${CMAKE_PREFIX_PATH}:/opt/ros/humble PS1=\[\033[01;32m\]\u@\h: \[\033[34m\]\W\[\033[00;32m\] $(git_branch)\[\033[00m\]$ /usr/bin/cmake --build /home/lloyd/cart_ws/src/practical_robot_tools/build/ros_arduino -- -j12 -l12
