/home/lloyd/cart_ws/src/practical_robot_tools/ros_arduino/src/SerialMessage.cpp: In instantiation of â€˜[01m[KT SerialMessage<T>::unpack(const std::vector<unsigned char>&) [with T = bool][m[Kâ€™:
[01m[K/home/lloyd/cart_ws/src/practical_robot_tools/ros_arduino/src/SerialMessage.cpp:4:16:[m[K   required from here
[01m[K/home/lloyd/cart_ws/src/practical_robot_tools/ros_arduino/src/SerialMessage.cpp:104:10:[m[K [01;31m[Kerror: [m[Kâ€˜[01m[Kclass SerialMessage<bool>[m[Kâ€™ has no member named â€˜[01m[Ktopic_length[m[Kâ€™
  104 |     [01;31m[Ktemp.topic_length[m[K = ((uint16_t)packet[5] << 8) | (uint16_t)packet[6];
      |     [01;31m[K~~~~~^~~~~~~~~~~~[m[K
[01m[K/home/lloyd/cart_ws/src/practical_robot_tools/ros_arduino/src/SerialMessage.cpp:106:62:[m[K [01;31m[Kerror: [m[Kâ€˜[01m[Kclass SerialMessage<bool>[m[Kâ€™ has no member named â€˜[01m[Ktopic_length[m[Kâ€™
  106 |     temp.topic(packet.begin() + 7, packet.begin() + 7 + [01;31m[Ktemp.topic_length[m[K);
      |                                                         [01;31m[K~~~~~^~~~~~~~~~~~[m[K
[01m[K/home/lloyd/cart_ws/src/practical_robot_tools/ros_arduino/src/SerialMessage.cpp:109:10:[m[K [01;31m[Kerror: [m[Kâ€˜[01m[Kclass SerialMessage<bool>[m[Kâ€™ has no member named â€˜[01m[Kdata_length[m[Kâ€™
  109 |     [01;31m[Ktemp.data_length[m[K = ((uint16_t)packet[7 + temp.topic_length] << 8) | (uint16_t)packet[7 + temp.topic_length + 1];
      |     [01;31m[K~~~~~^~~~~~~~~~~[m[K
[01m[K/home/lloyd/cart_ws/src/practical_robot_tools/ros_arduino/src/SerialMessage.cpp:109:51:[m[K [01;31m[Kerror: [m[Kâ€˜[01m[Kclass SerialMessage<bool>[m[Kâ€™ has no member named â€˜[01m[Ktopic_length[m[Kâ€™
  109 |     temp.data_length = ((uint16_t)packet[7 + [01;31m[Ktemp.topic_length[m[K] << 8) | (uint16_t)packet[7 + temp.topic_length + 1];
      |                                              [01;31m[K~~~~~^~~~~~~~~~~~[m[K
[01m[K/home/lloyd/cart_ws/src/practical_robot_tools/ros_arduino/src/SerialMessage.cpp:109:99:[m[K [01;31m[Kerror: [m[Kâ€˜[01m[Kclass SerialMessage<bool>[m[Kâ€™ has no member named â€˜[01m[Ktopic_length[m[Kâ€™
  109 |     temp.data_length = ((uint16_t)packet[7 + temp.topic_length] << 8) | (uint16_t)packet[7 + [01;31m[Ktemp.topic_length[m[K + 1];
      |                                                                                              [01;31m[K~~~~~^~~~~~~~~~~~[m[K
[01m[K/home/lloyd/cart_ws/src/practical_robot_tools/ros_arduino/src/SerialMessage.cpp:111:41:[m[K [01;31m[Kerror: [m[Kâ€˜[01m[Kclass SerialMessage<bool>[m[Kâ€™ has no member named â€˜[01m[Ktopic_length[m[Kâ€™
  111 |     temp.data.push_back(packet[7 + [01;31m[Ktemp.topic_length[m[K + 2] != 0);
      |                                    [01;31m[K~~~~~^~~~~~~~~~~~[m[K
[01m[K/home/lloyd/cart_ws/src/practical_robot_tools/ros_arduino/src/SerialMessage.cpp:117:12:[m[K [01;31m[Kerror: [m[Kcannot convert â€˜[01m[KSerialMessage<bool>[m[Kâ€™ to â€˜[01m[Kbool[m[Kâ€™ in return
  117 |     return [01;31m[Ktemp[m[K;
      |            [01;31m[K^~~~[m[K
gmake[2]: *** [CMakeFiles/test_protocol.dir/build.make:90: CMakeFiles/test_protocol.dir/src/SerialMessage.cpp.o] Error 1
gmake[1]: *** [CMakeFiles/Makefile2:137: CMakeFiles/test_protocol.dir/all] Error 2
gmake: *** [Makefile:146: all] Error 2
