-- The C compiler identification is GNU 11.3.0
-- The CXX compiler identification is GNU 11.3.0
-- Detecting C compiler ABI info
-- Detecting C compiler ABI info - done
-- Check for working C compiler: /usr/bin/cc - skipped
-- Detecting C compile features
-- Detecting C compile features - done
-- Detecting CXX compiler ABI info
-- Detecting CXX compiler ABI info - done
-- Check for working CXX compiler: /usr/bin/c++ - skipped
-- Detecting CXX compile features
-- Detecting CXX compile features - done
-- Found ament_cmake: 1.3.2 (/opt/ros/humble/share/ament_cmake/cmake)
-- Found Python3: /usr/bin/python3.10 (found version "3.10.6") found components: Interpreter 
-- Override CMake install command with custom implementation using symlinks instead of copying resources
-- Found rclcpp: 16.0.3 (/opt/ros/humble/share/rclcpp/cmake)
-- Found rosidl_generator_c: 3.1.3 (/opt/ros/humble/share/rosidl_generator_c/cmake)
-- Found rosidl_adapter: 3.1.3 (/opt/ros/humble/share/rosidl_adapter/cmake)
-- Found rosidl_generator_cpp: 3.1.3 (/opt/ros/humble/share/rosidl_generator_cpp/cmake)
-- Using all available rosidl_typesupport_c: rosidl_typesupport_fastrtps_c;rosidl_typesupport_introspection_c
-- Using all available rosidl_typesupport_cpp: rosidl_typesupport_fastrtps_cpp;rosidl_typesupport_introspection_cpp
-- Found rmw_implementation_cmake: 6.1.0 (/opt/ros/humble/share/rmw_implementation_cmake/cmake)
-- Found rmw_fastrtps_cpp: 6.2.1 (/opt/ros/humble/share/rmw_fastrtps_cpp/cmake)
-- Found OpenSSL: /usr/lib/x86_64-linux-gnu/libcrypto.so (found version "3.0.2")  
-- Found FastRTPS: /opt/ros/humble/include  
-- Using RMW implementation 'rmw_fastrtps_cpp' as default
-- Found rclcpp_components: 16.0.1 (/opt/ros/humble/share/rclcpp_components/cmake)
-- Configuring done
-- Generating done
-- Build files have been written to: /home/lloyd/cart_ws/src/practical_robot_tools/build/ros_arduino
[ 75%] [32mBuilding CXX object CMakeFiles/test_protocol.dir/src/test_protocol.cpp.o[0m
[ 75%] [32mBuilding CXX object CMakeFiles/test_protocol.dir/src/ROS2Bool.cpp.o[0m
[ 75%] [32mBuilding CXX object CMakeFiles/test_protocol.dir/src/ROS2Msg.cpp.o[0m
In file included from [01m[K/home/lloyd/cart_ws/src/practical_robot_tools/ros_arduino/src/ROS2Bool.cpp:1[m[K:
[01m[K/home/lloyd/cart_ws/src/practical_robot_tools/ros_arduino/include/ros_arduino/ROS2Bool.h:7:1:[m[K [01;31m[Kerror: [m[Kexpected class-name before â€˜[01m[K{[m[Kâ€™ token
    7 | [01;31m[K{[m[K
      | [01;31m[K^[m[K
[01m[K/home/lloyd/cart_ws/src/practical_robot_tools/ros_arduino/include/ros_arduino/ROS2Bool.h:17:8:[m[K [01;31m[Kerror: [m[Kâ€˜[01m[Kbool ROS2Bool::unpack(const std::vector<unsigned char>&)[m[Kâ€™ marked â€˜[01m[Koverride[m[Kâ€™, but does not override
   17 |   bool [01;31m[Kunpack[m[K(const std::vector<uint8_t> &packet) override;
      |        [01;31m[K^~~~~~[m[K
[01m[K/home/lloyd/cart_ws/src/practical_robot_tools/ros_arduino/include/ros_arduino/ROS2Bool.h:19:15:[m[K [01;31m[Kerror: [m[Kâ€˜[01m[Kstd::string ROS2Bool::toString() const[m[Kâ€™ marked â€˜[01m[Koverride[m[Kâ€™, but does not override
   19 |   std::string [01;31m[KtoString[m[K() const override;
      |               [01;31m[K^~~~~~~~[m[K
[01m[K/home/lloyd/cart_ws/src/practical_robot_tools/ros_arduino/src/ROS2Bool.cpp:11:1:[m[K [01;31m[Kerror: [m[Kâ€˜[01m[KROS2Bool[m[Kâ€™ is not a template
   11 | [01;31m[KROS2Bool[m[K<T>::ROS2Bool() : ROS2Msg(MessageType::MSG_TYPE_BOOL, ""), data(false)
      | [01;31m[K^~~~~~~~[m[K
[01m[K/home/lloyd/cart_ws/src/practical_robot_tools/ros_arduino/src/ROS2Bool.cpp:11:23:[m[K [01;31m[Kerror: [m[Kâ€˜[01m[KROS2Bool ROS2Bool()[m[Kâ€™ should have been declared inside â€˜[01m[K::[m[Kâ€™
   11 | ROS2Bool<T>::ROS2Bool([01;31m[K)[m[K : ROS2Msg(MessageType::MSG_TYPE_BOOL, ""), data(false)
      |                       [01;31m[K^[m[K
[01m[K/home/lloyd/cart_ws/src/practical_robot_tools/ros_arduino/src/ROS2Bool.cpp:[m[K In function â€˜[01m[KROS2Bool ROS2Bool()[m[Kâ€™:
[01m[K/home/lloyd/cart_ws/src/practical_robot_tools/ros_arduino/src/ROS2Bool.cpp:11:27:[m[K [01;31m[Kerror: [m[Konly constructors take member initializers
   11 | ROS2Bool<T>::ROS2Bool() : [01;31m[KROS2Msg[m[K(MessageType::MSG_TYPE_BOOL, ""), data(false)
      |                           [01;31m[K^~~~~~~[m[K
[01m[K/home/lloyd/cart_ws/src/practical_robot_tools/ros_arduino/src/ROS2Bool.cpp:13:1:[m[K [01;35m[Kwarning: [m[Kno return statement in function returning non-void [[01;35m[K]8;;https://gcc.gnu.org/onlinedocs/gcc/Warning-Options.html#index-Wreturn-type-Wreturn-type]8;;[m[K]
   13 | [01;35m[K}[m[K
      | [01;35m[K^[m[K
[01m[K/home/lloyd/cart_ws/src/practical_robot_tools/ros_arduino/src/ROS2Bool.cpp:[m[K At global scope:
[01m[K/home/lloyd/cart_ws/src/practical_robot_tools/ros_arduino/src/ROS2Bool.cpp:16:1:[m[K [01;31m[Kerror: [m[Kfunction template-id â€˜[01m[KROS2Bool<T>[m[Kâ€™ in nested-name-specifier
   16 | [01;31m[KROS2Bool<T>[m[K::ROS2Bool(const ROS2Bool &other) : ROS2Msg(other), data(other.data) {}
      | [01;31m[K^~~~~~~~~~~[m[K
[01m[K/home/lloyd/cart_ws/src/practical_robot_tools/ros_arduino/src/ROS2Bool.cpp:11:12:[m[K [01;36m[Knote: [m[Kâ€˜[01m[Ktemplate<class T> ROS2Bool ROS2Bool()[m[Kâ€™ declared here
   11 | ROS2Bool<T>[01;36m[K::[m[KROS2Bool() : ROS2Msg(MessageType::MSG_TYPE_BOOL, ""), data(false)
      |            [01;36m[K^~[m[K
[01m[K/home/lloyd/cart_ws/src/practical_robot_tools/ros_arduino/src/ROS2Bool.cpp:16:29:[m[K [01;31m[Kerror: [m[Kâ€˜[01m[KROS2Bool[m[Kâ€™ does not name a type
   16 | ROS2Bool<T>::ROS2Bool(const [01;31m[KROS2Bool[m[K &other) : ROS2Msg(other), data(other.data) {}
      |                             [01;31m[K^~~~~~~~[m[K
[01m[K/home/lloyd/cart_ws/src/practical_robot_tools/ros_arduino/src/ROS2Bool.cpp:[m[K In function â€˜[01m[Kint ROS2Bool(const int&)[m[Kâ€™:
[01m[K/home/lloyd/cart_ws/src/practical_robot_tools/ros_arduino/src/ROS2Bool.cpp:16:48:[m[K [01;31m[Kerror: [m[Konly constructors take member initializers
   16 | ROS2Bool<T>::ROS2Bool(const ROS2Bool &other) : [01;31m[KROS2Msg[m[K(other), data(other.data) {}
      |                                                [01;31m[K^~~~~~~[m[K
[01m[K/home/lloyd/cart_ws/src/practical_robot_tools/ros_arduino/src/ROS2Bool.cpp:16:75:[m[K [01;31m[Kerror: [m[Krequest for member â€˜[01m[Kdata[m[Kâ€™ in â€˜[01m[Kother[m[Kâ€™, which is of non-class type â€˜[01m[Kconst int[m[Kâ€™
   16 | ROS2Bool<T>::ROS2Bool(const ROS2Bool &other) : ROS2Msg(other), data(other.[01;31m[Kdata[m[K) {}
      |                                                                           [01;31m[K^~~~[m[K
[01m[K/home/lloyd/cart_ws/src/practical_robot_tools/ros_arduino/src/ROS2Bool.cpp:16:82:[m[K [01;35m[Kwarning: [m[Kno return statement in function returning non-void [[01;35m[K]8;;https://gcc.gnu.org/onlinedocs/gcc/Warning-Options.html#index-Wreturn-type-Wreturn-type]8;;[m[K]
   16 | ROS2Bool<T>::ROS2Bool(const ROS2Bool &other) : ROS2Msg(other), data(other.data) {[01;35m[K}[m[K
      |                                                                                  [01;35m[K^[m[K
[01m[K/home/lloyd/cart_ws/src/practical_robot_tools/ros_arduino/src/ROS2Bool.cpp:[m[K At global scope:
[01m[K/home/lloyd/cart_ws/src/practical_robot_tools/ros_arduino/src/ROS2Bool.cpp:20:1:[m[K [01;31m[Kerror: [m[Kfunction template-id â€˜[01m[KROS2Bool<T>[m[Kâ€™ in nested-name-specifier
   20 | [01;31m[KROS2Bool<T>[m[K::ROS2Bool(const std::string &_topic_name, bool _data) : ROS2Msg(MessageType::MSG_TYPE_BOOL, _topic_name), data(_data)
      | [01;31m[K^~~~~~~~~~~[m[K
[01m[K/home/lloyd/cart_ws/src/practical_robot_tools/ros_arduino/src/ROS2Bool.cpp:[m[K In function â€˜[01m[Kint ROS2Bool(const string&, bool)[m[Kâ€™:
[01m[K/home/lloyd/cart_ws/src/practical_robot_tools/ros_arduino/src/ROS2Bool.cpp:20:69:[m[K [01;31m[Kerror: [m[Konly constructors take member initializers
   20 | ROS2Bool<T>::ROS2Bool(const std::string &_topic_name, bool _data) : [01;31m[KROS2Msg[m[K(MessageType::MSG_TYPE_BOOL, _topic_name), data(_data)
      |                                                                     [01;31m[K^~~~~~~[m[K
[01m[K/home/lloyd/cart_ws/src/practical_robot_tools/ros_arduino/src/ROS2Bool.cpp:22:1:[m[K [01;35m[Kwarning: [m[Kno return statement in function returning non-void [[01;35m[K]8;;https://gcc.gnu.org/onlinedocs/gcc/Warning-Options.html#index-Wreturn-type-Wreturn-type]8;;[m[K]
   22 | [01;35m[K}[m[K
      | [01;35m[K^[m[K
[01m[K/home/lloyd/cart_ws/src/practical_robot_tools/ros_arduino/src/ROS2Bool.cpp:[m[K At global scope:
[01m[K/home/lloyd/cart_ws/src/practical_robot_tools/ros_arduino/src/ROS2Bool.cpp:25:1:[m[K [01;31m[Kerror: [m[Kfunction template-id â€˜[01m[KROS2Bool<T>[m[Kâ€™ in nested-name-specifier
   25 | [01;31m[KROS2Bool<T>[m[K::~ROS2Bool() {}
      | [01;31m[K^~~~~~~~~~~[m[K
[01m[K/home/lloyd/cart_ws/src/practical_robot_tools/ros_arduino/src/ROS2Bool.cpp:33:22:[m[K [01;31m[Kerror: [m[Kfunction template-id â€˜[01m[KROS2Bool<T>[m[Kâ€™ in nested-name-specifier
   33 | std::vector<uint8_t> [01;31m[KROS2Bool<T>[m[K::pack()
      |                      [01;31m[K^~~~~~~~~~~[m[K
[01m[K/home/lloyd/cart_ws/src/practical_robot_tools/ros_arduino/src/ROS2Bool.cpp:[m[K In function â€˜[01m[Kstd::vector<unsigned char> pack()[m[Kâ€™:
[01m[K/home/lloyd/cart_ws/src/practical_robot_tools/ros_arduino/src/ROS2Bool.cpp:35:12:[m[K [01;31m[Kerror: [m[Kâ€˜[01m[Ktemplate<class T> class ROS2Msg[m[Kâ€™ used without template arguments
   35 |     return [01;31m[KROS2Msg[m[K::pack(data);
      |            [01;31m[K^~~~~~~[m[K
[01m[K/home/lloyd/cart_ws/src/practical_robot_tools/ros_arduino/src/ROS2Bool.cpp:[m[K At global scope:
[01m[K/home/lloyd/cart_ws/src/practical_robot_tools/ros_arduino/src/ROS2Bool.cpp:68:6:[m[K [01;31m[Kerror: [m[Kfunction template-id â€˜[01m[KROS2Bool<T>[m[Kâ€™ in nested-name-specifier
   68 | bool [01;31m[KROS2Bool<T>[m[K::unpack(const std::vector<uint8_t> &packet)
      |      [01;31m[K^~~~~~~~~~~[m[K
[01m[K/home/lloyd/cart_ws/src/practical_robot_tools/ros_arduino/src/ROS2Bool.cpp:[m[K In function â€˜[01m[Kbool unpack(const std::vector<unsigned char>&)[m[Kâ€™:
[01m[K/home/lloyd/cart_ws/src/practical_robot_tools/ros_arduino/src/ROS2Bool.cpp:71:22:[m[K [01;31m[Kerror: [m[Kâ€˜[01m[Ktemplate<class T> class ROS2Msg[m[Kâ€™ used without template arguments
   71 |     if (packet[0] != [01;31m[KROS2Msg[m[K::START_SIGNAL[0] ||
      |                      [01;31m[K^~~~~~~[m[K
[01m[K/home/lloyd/cart_ws/src/practical_robot_tools/ros_arduino/src/ROS2Bool.cpp:72:22:[m[K [01;31m[Kerror: [m[Kâ€˜[01m[Ktemplate<class T> class ROS2Msg[m[Kâ€™ used without template arguments
   72 |         packet[1] != [01;31m[KROS2Msg[m[K::START_SIGNAL[1] ||
      |                      [01;31m[K^~~~~~~[m[K
[01m[K/home/lloyd/cart_ws/src/practical_robot_tools/ros_arduino/src/ROS2Bool.cpp:73:22:[m[K [01;31m[Kerror: [m[Kâ€˜[01m[Ktemplate<class T> class ROS2Msg[m[Kâ€™ used without template arguments
   73 |         packet[2] != [01;31m[KROS2Msg[m[K::START_SIGNAL[2])
      |                      [01;31m[K^~~~~~~[m[K
[01m[K/home/lloyd/cart_ws/src/practical_robot_tools/ros_arduino/src/ROS2Bool.cpp:76:9:[m[K [01;31m[Kerror: [m[Kâ€˜[01m[Kmessage_type[m[Kâ€™ was not declared in this scope; did you mean â€˜[01m[KMessageType[m[Kâ€™?
   76 |         [01;31m[Kmessage_type[m[K = MessageType::MSG_TYPE_NONE;
      |         [01;31m[K^~~~~~~~~~~~[m[K
      |         [32m[KMessageType[m[K
[01m[K/home/lloyd/cart_ws/src/practical_robot_tools/ros_arduino/src/ROS2Bool.cpp:91:9:[m[K [01;31m[Kerror: [m[Kâ€˜[01m[Kmessage_type[m[Kâ€™ was not declared in this scope; did you mean â€˜[01m[KMessageType[m[Kâ€™?
   91 |         [01;31m[Kmessage_type[m[K = MessageType::MSG_TYPE_NONE;
      |         [01;31m[K^~~~~~~~~~~~[m[K
      |         [32m[KMessageType[m[K
[01m[K/home/lloyd/cart_ws/src/practical_robot_tools/ros_arduino/src/ROS2Bool.cpp:100:9:[m[K [01;31m[Kerror: [m[Kâ€˜[01m[Kmessage_type[m[Kâ€™ was not declared in this scope; did you mean â€˜[01m[KMessageType[m[Kâ€™?
  100 |         [01;31m[Kmessage_type[m[K = MessageType::MSG_TYPE_NONE;
      |         [01;31m[K^~~~~~~~~~~~[m[K
      |         [32m[KMessageType[m[K
[01m[K/home/lloyd/cart_ws/src/practical_robot_tools/ros_arduino/src/ROS2Bool.cpp:115:5:[m[K [01;31m[Kerror: [m[Kâ€˜[01m[Kmessage_type[m[Kâ€™ was not declared in this scope; did you mean â€˜[01m[KMessageType[m[Kâ€™?
  115 |     [01;31m[Kmessage_type[m[K = MessageType::MSG_TYPE_BOOL;
      |     [01;31m[K^~~~~~~~~~~~[m[K
      |     [32m[KMessageType[m[K
[01m[K/home/lloyd/cart_ws/src/practical_robot_tools/ros_arduino/src/ROS2Bool.cpp:116:5:[m[K [01;31m[Kerror: [m[Kâ€˜[01m[Ktopic[m[Kâ€™ was not declared in this scope
  116 |     [01;31m[Ktopic[m[K = topic_name;
      |     [01;31m[K^~~~~[m[K
[01m[K/home/lloyd/cart_ws/src/practical_robot_tools/ros_arduino/src/ROS2Bool.cpp:[m[K At global scope:
[01m[K/home/lloyd/cart_ws/src/practical_robot_tools/ros_arduino/src/ROS2Bool.cpp:122:13:[m[K [01;31m[Kerror: [m[Kfunction template-id â€˜[01m[KROS2Bool<T>[m[Kâ€™ in nested-name-specifier
  122 | std::string [01;31m[KROS2Bool<T>[m[K::toString() const
      |             [01;31m[K^~~~~~~~~~~[m[K
[01m[K/home/lloyd/cart_ws/src/practical_robot_tools/ros_arduino/src/ROS2Bool.cpp:122:37:[m[K [01;31m[Kerror: [m[Knon-member function â€˜[01m[Kstd::string toString()[m[Kâ€™ cannot have cv-qualifier
  122 | std::string ROS2Bool<T>::toString() [01;31m[Kconst[m[K
      |                                     [01;31m[K^~~~~[m[K
[01m[K/home/lloyd/cart_ws/src/practical_robot_tools/ros_arduino/src/ROS2Bool.cpp:[m[K In function â€˜[01m[Kstd::string toString()[m[Kâ€™:
[01m[K/home/lloyd/cart_ws/src/practical_robot_tools/ros_arduino/src/ROS2Bool.cpp:124:12:[m[K [01;31m[Kerror: [m[Kâ€˜[01m[Ktopic[m[Kâ€™ was not declared in this scope
  124 |     return [01;31m[Ktopic[m[K + (data ? " true" : " false");
      |            [01;31m[K^~~~~[m[K
[01m[K/home/lloyd/cart_ws/src/practical_robot_tools/ros_arduino/src/ROS2Bool.cpp:124:38:[m[K [01;31m[Kerror: [m[Kcannot resolve overloaded function â€˜[01m[Kdata[m[Kâ€™ based on conversion to type â€˜[01m[Kbool[m[Kâ€™
  124 |     return topic + (data ? " true" : [01;31m[K" false"[m[K);
      |                                      [01;31m[K^~~~~~~~[m[K
gmake[2]: *** [CMakeFiles/test_protocol.dir/build.make:90: CMakeFiles/test_protocol.dir/src/ROS2Bool.cpp.o] Error 1
gmake[2]: *** Waiting for unfinished jobs....
In file included from [01m[K/home/lloyd/cart_ws/src/practical_robot_tools/ros_arduino/src/test_protocol.cpp:1[m[K:
[01m[K/home/lloyd/cart_ws/src/practical_robot_tools/ros_arduino/include/ros_arduino/ROS2Bool.h:7:1:[m[K [01;31m[Kerror: [m[Kexpected class-name before â€˜[01m[K{[m[Kâ€™ token
    7 | [01;31m[K{[m[K
      | [01;31m[K^[m[K
[01m[K/home/lloyd/cart_ws/src/practical_robot_tools/ros_arduino/include/ros_arduino/ROS2Bool.h:17:8:[m[K [01;31m[Kerror: [m[Kâ€˜[01m[Kbool ROS2Bool::unpack(const std::vector<unsigned char>&)[m[Kâ€™ marked â€˜[01m[Koverride[m[Kâ€™, but does not override
   17 |   bool [01;31m[Kunpack[m[K(const std::vector<uint8_t> &packet) override;
      |        [01;31m[K^~~~~~[m[K
[01m[K/home/lloyd/cart_ws/src/practical_robot_tools/ros_arduino/include/ros_arduino/ROS2Bool.h:19:15:[m[K [01;31m[Kerror: [m[Kâ€˜[01m[Kstd::string ROS2Bool::toString() const[m[Kâ€™ marked â€˜[01m[Koverride[m[Kâ€™, but does not override
   19 |   std::string [01;31m[KtoString[m[K() const override;
      |               [01;31m[K^~~~~~~~[m[K
[01m[K/home/lloyd/cart_ws/src/practical_robot_tools/ros_arduino/src/test_protocol.cpp:[m[K In function â€˜[01m[Kint main(int, char**)[m[Kâ€™:
[01m[K/home/lloyd/cart_ws/src/practical_robot_tools/ros_arduino/src/test_protocol.cpp:12:3:[m[K [01;31m[Kerror: [m[Kâ€˜[01m[KROS2Bool[m[Kâ€™ is not a template
   12 |   [01;31m[KROS2Bool[m[K<bool> testBool("test_bool", true);
      |   [01;31m[K^~~~~~~~[m[K
[01m[K/home/lloyd/cart_ws/src/practical_robot_tools/ros_arduino/src/test_protocol.cpp:50:3:[m[K [01;31m[Kerror: [m[Kâ€˜[01m[KROS2Bool[m[Kâ€™ is not a template
   50 |   [01;31m[KROS2Bool[m[K<bool> resultBool;
      |   [01;31m[K^~~~~~~~[m[K
[01m[K/home/lloyd/cart_ws/src/practical_robot_tools/ros_arduino/src/test_protocol.cpp:60:3:[m[K [01;31m[Kerror: [m[Kâ€˜[01m[KROS2Bool[m[Kâ€™ is not a template
   60 |   [01;31m[KROS2Bool[m[K<bool> copiedMsg(resultBool);
      |   [01;31m[K^~~~~~~~[m[K
gmake[2]: *** [CMakeFiles/test_protocol.dir/build.make:76: CMakeFiles/test_protocol.dir/src/test_protocol.cpp.o] Error 1
gmake[1]: *** [CMakeFiles/Makefile2:137: CMakeFiles/test_protocol.dir/all] Error 2
gmake: *** [Makefile:146: all] Error 2
