[0.013s] Invoking command in '/home/lloyd/cart_ws/src/practical_robot_tools/build/ros_arduino': CMAKE_PREFIX_PATH=${CMAKE_PREFIX_PATH}:/opt/ros/humble PS1=\[\033[01;32m\]\u@\h: \[\033[34m\]\W\[\033[00;32m\] $(git_branch)\[\033[00m\]$ /usr/bin/cmake --build /home/lloyd/cart_ws/src/practical_robot_tools/build/ros_arduino -- -j12 -l12
[0.050s] [35m[1mConsolidate compiler generated dependencies of target test_protocol[0m
[0.071s] [ 33%] [32mBuilding CXX object CMakeFiles/test_protocol.dir/src/SerialMessage.cpp.o[0m
[0.315s] /home/lloyd/cart_ws/src/practical_robot_tools/ros_arduino/src/SerialMessage.cpp: In instantiation of â€˜[01m[Kstd::vector<unsigned char> SerialMessage<T>::pack() const [with T = bool][m[Kâ€™:
[0.315s] [01m[K/home/lloyd/cart_ws/src/practical_robot_tools/ros_arduino/src/SerialMessage.cpp:4:16:[m[K   required from here
[0.315s] [01m[K/home/lloyd/cart_ws/src/practical_robot_tools/ros_arduino/src/SerialMessage.cpp:45:22:[m[K [01;31m[Kerror: [m[Kinvalid cast from type â€˜[01m[Kconst std::vector<bool, std::allocator<bool> >[m[Kâ€™ to type â€˜[01m[Kuint8_t[m[Kâ€™ {aka â€˜[01m[Kunsigned char[m[Kâ€™}
[0.315s]    45 |     packet.push_back([01;31m[K(uint8_t)data[m[K & 0xff);
[0.315s]       |                      [01;31m[K^~~~~~~~~~~~~[m[K
[0.317s] /home/lloyd/cart_ws/src/practical_robot_tools/ros_arduino/src/SerialMessage.cpp: In instantiation of â€˜[01m[KT SerialMessage<T>::unpack(const std::vector<unsigned char>&) [with T = bool][m[Kâ€™:
[0.317s] [01m[K/home/lloyd/cart_ws/src/practical_robot_tools/ros_arduino/src/SerialMessage.cpp:4:16:[m[K   required from here
[0.317s] [01m[K/home/lloyd/cart_ws/src/practical_robot_tools/ros_arduino/src/SerialMessage.cpp:88:44:[m[K [01;31m[Kerror: [m[Kinvalid conversion from â€˜[01m[Kint[m[Kâ€™ to â€˜[01m[KMessageType[m[Kâ€™ [[01;31m[K]8;;https://gcc.gnu.org/onlinedocs/gcc/Warning-Options.html#index-fpermissive-fpermissive]8;;[m[K]
[0.317s]    88 |     temp.type = ((uint16_t)packet[3] << 8) | (uint16_t)packet[4];
[0.317s] [01m[K/home/lloyd/cart_ws/src/practical_robot_tools/ros_arduino/src/SerialMessage.cpp:100:10:[m[K [01;31m[Kerror: [m[Kâ€˜[01m[Kclass SerialMessage<bool>[m[Kâ€™ has no member named â€˜[01m[Ktopic_length[m[Kâ€™
[0.317s]   100 |     [01;31m[Ktemp.topic_length[m[K = ((uint16_t)packet[5] << 8) | (uint16_t)packet[6];
[0.317s]       |     [01;31m[K~~~~~^~~~~~~~~~~~[m[K
[0.317s] [01m[K/home/lloyd/cart_ws/src/practical_robot_tools/ros_arduino/src/SerialMessage.cpp:102:62:[m[K [01;31m[Kerror: [m[Kâ€˜[01m[Kclass SerialMessage<bool>[m[Kâ€™ has no member named â€˜[01m[Ktopic_length[m[Kâ€™
[0.317s]   102 |     temp.topic(packet.begin() + 7, packet.begin() + 7 + [01;31m[Ktemp.topic_length[m[K);
[0.317s]       |                                                         [01;31m[K~~~~~^~~~~~~~~~~~[m[K
[0.317s] [01m[K/home/lloyd/cart_ws/src/practical_robot_tools/ros_arduino/src/SerialMessage.cpp:105:10:[m[K [01;31m[Kerror: [m[Kâ€˜[01m[Kclass SerialMessage<bool>[m[Kâ€™ has no member named â€˜[01m[Kdata_length[m[Kâ€™
[0.317s]   105 |     [01;31m[Ktemp.data_length[m[K = ((uint16_t)packet[7 + temp.topic_length] << 8) | (uint16_t)packet[7 + temp.topic_length + 1];
[0.317s]       |     [01;31m[K~~~~~^~~~~~~~~~~[m[K
[0.317s] [01m[K/home/lloyd/cart_ws/src/practical_robot_tools/ros_arduino/src/SerialMessage.cpp:105:51:[m[K [01;31m[Kerror: [m[Kâ€˜[01m[Kclass SerialMessage<bool>[m[Kâ€™ has no member named â€˜[01m[Ktopic_length[m[Kâ€™
[0.318s]   105 |     temp.data_length = ((uint16_t)packet[7 + [01;31m[Ktemp.topic_length[m[K] << 8) | (uint16_t)packet[7 + temp.topic_length + 1];
[0.318s]       |                                              [01;31m[K~~~~~^~~~~~~~~~~~[m[K
[0.318s] [01m[K/home/lloyd/cart_ws/src/practical_robot_tools/ros_arduino/src/SerialMessage.cpp:105:99:[m[K [01;31m[Kerror: [m[Kâ€˜[01m[Kclass SerialMessage<bool>[m[Kâ€™ has no member named â€˜[01m[Ktopic_length[m[Kâ€™
[0.318s]   105 |     temp.data_length = ((uint16_t)packet[7 + temp.topic_length] << 8) | (uint16_t)packet[7 + [01;31m[Ktemp.topic_length[m[K + 1];
[0.318s]       |                                                                                              [01;31m[K~~~~~^~~~~~~~~~~~[m[K
[0.318s] [01m[K/home/lloyd/cart_ws/src/practical_robot_tools/ros_arduino/src/SerialMessage.cpp:107:41:[m[K [01;31m[Kerror: [m[Kâ€˜[01m[Kclass SerialMessage<bool>[m[Kâ€™ has no member named â€˜[01m[Ktopic_length[m[Kâ€™
[0.318s]   107 |     temp.data.push_back(packet[7 + [01;31m[Ktemp.topic_length[m[K + 2] != 0);
[0.318s]       |                                    [01;31m[K~~~~~^~~~~~~~~~~~[m[K
[0.318s] [01m[K/home/lloyd/cart_ws/src/practical_robot_tools/ros_arduino/src/SerialMessage.cpp:113:12:[m[K [01;31m[Kerror: [m[Kcannot convert â€˜[01m[KSerialMessage<bool>[m[Kâ€™ to â€˜[01m[Kbool[m[Kâ€™ in return
[0.318s]   113 |     return [01;31m[Ktemp[m[K;
[0.318s]       |            [01;31m[K^~~~[m[K
[0.351s] gmake[2]: *** [CMakeFiles/test_protocol.dir/build.make:90: CMakeFiles/test_protocol.dir/src/SerialMessage.cpp.o] Error 1
[0.351s] gmake[1]: *** [CMakeFiles/Makefile2:137: CMakeFiles/test_protocol.dir/all] Error 2
[0.351s] gmake: *** [Makefile:146: all] Error 2
[0.353s] Invoked command in '/home/lloyd/cart_ws/src/practical_robot_tools/build/ros_arduino' returned '2': CMAKE_PREFIX_PATH=${CMAKE_PREFIX_PATH}:/opt/ros/humble PS1=\[\033[01;32m\]\u@\h: \[\033[34m\]\W\[\033[00;32m\] $(git_branch)\[\033[00m\]$ /usr/bin/cmake --build /home/lloyd/cart_ws/src/practical_robot_tools/build/ros_arduino -- -j12 -l12
