[0.012s] Invoking command in '/home/lloyd/cart_ws/src/practical_robot_tools/build/ros_arduino': CMAKE_PREFIX_PATH=${CMAKE_PREFIX_PATH}:/opt/ros/humble PS1=\[\033[01;32m\]\u@\h: \[\033[34m\]\W\[\033[00;32m\] $(git_branch)\[\033[00m\]$ /usr/bin/cmake --build /home/lloyd/cart_ws/src/practical_robot_tools/build/ros_arduino -- -j12 -l12
[0.050s] [35m[1mConsolidate compiler generated dependencies of target test_protocol[0m
[0.069s] [ 33%] [32mBuilding CXX object CMakeFiles/test_protocol.dir/src/SerialMessage.cpp.o[0m
[0.070s] [ 66%] [32mBuilding CXX object CMakeFiles/test_protocol.dir/src/test_protocol.cpp.o[0m
[0.321s] /home/lloyd/cart_ws/src/practical_robot_tools/ros_arduino/src/SerialMessage.cpp: In instantiation of â€˜[01m[KT SerialMessage<T>::unpack(const std::vector<unsigned char>&) [with T = bool][m[Kâ€™:
[0.321s] [01m[K/home/lloyd/cart_ws/src/practical_robot_tools/ros_arduino/src/SerialMessage.cpp:4:16:[m[K   required from here
[0.321s] [01m[K/home/lloyd/cart_ws/src/practical_robot_tools/ros_arduino/src/SerialMessage.cpp:106:15:[m[K [01;31m[Kerror: [m[Kno match for call to â€˜[01m[K(std::string {aka std::__cxx11::basic_string<char>}) (__gnu_cxx::__normal_iterator<const unsigned char*, std::vector<unsigned char> >, __gnu_cxx::__normal_iterator<const unsigned char*, std::vector<unsigned char> >)[m[Kâ€™
[0.321s]   106 |     [01;31m[Ktemp.topic(packet.begin() + 7, packet.begin() + 7 + temp.topic_length)[m[K;
[0.322s]       |     [01;31m[K~~~~~~~~~~^~~~~~~~~~~~~~~~~~~~~~~~~~~~~~~~~~~~~~~~~~~~~~~~~~~~~~~~~~~~[m[K
[0.322s] [01m[K/home/lloyd/cart_ws/src/practical_robot_tools/ros_arduino/src/SerialMessage.cpp:117:12:[m[K [01;31m[Kerror: [m[Kcannot convert â€˜[01m[KSerialMessage<bool>[m[Kâ€™ to â€˜[01m[Kbool[m[Kâ€™ in return
[0.322s]   117 |     return [01;31m[Ktemp[m[K;
[0.322s]       |            [01;31m[K^~~~[m[K
[0.359s] gmake[2]: *** [CMakeFiles/test_protocol.dir/build.make:90: CMakeFiles/test_protocol.dir/src/SerialMessage.cpp.o] Error 1
[0.359s] gmake[2]: *** Waiting for unfinished jobs....
[2.372s] gmake[1]: *** [CMakeFiles/Makefile2:137: CMakeFiles/test_protocol.dir/all] Error 2
[2.372s] gmake: *** [Makefile:146: all] Error 2
[2.374s] Invoked command in '/home/lloyd/cart_ws/src/practical_robot_tools/build/ros_arduino' returned '2': CMAKE_PREFIX_PATH=${CMAKE_PREFIX_PATH}:/opt/ros/humble PS1=\[\033[01;32m\]\u@\h: \[\033[34m\]\W\[\033[00;32m\] $(git_branch)\[\033[00m\]$ /usr/bin/cmake --build /home/lloyd/cart_ws/src/practical_robot_tools/build/ros_arduino -- -j12 -l12
