[0.013s] Invoking command in '/home/lloyd/cart_ws/src/practical_robot_tools/build/ros_arduino': CMAKE_PREFIX_PATH=${CMAKE_PREFIX_PATH}:/opt/ros/humble PS1=\[\033[01;32m\]\u@\h: \[\033[34m\]\W\[\033[00;32m\] $(git_branch)\[\033[00m\]$ /usr/bin/cmake --build /home/lloyd/cart_ws/src/practical_robot_tools/build/ros_arduino -- -j12 -l12
[0.039s] -- Found ament_cmake: 1.3.2 (/opt/ros/humble/share/ament_cmake/cmake)
[0.170s] -- Override CMake install command with custom implementation using symlinks instead of copying resources
[0.182s] -- Found rclcpp: 16.0.3 (/opt/ros/humble/share/rclcpp/cmake)
[0.215s] -- Found rosidl_generator_c: 3.1.3 (/opt/ros/humble/share/rosidl_generator_c/cmake)
[0.218s] -- Found rosidl_adapter: 3.1.3 (/opt/ros/humble/share/rosidl_adapter/cmake)
[0.224s] -- Found rosidl_generator_cpp: 3.1.3 (/opt/ros/humble/share/rosidl_generator_cpp/cmake)
[0.234s] -- Using all available rosidl_typesupport_c: rosidl_typesupport_fastrtps_c;rosidl_typesupport_introspection_c
[0.249s] -- Using all available rosidl_typesupport_cpp: rosidl_typesupport_fastrtps_cpp;rosidl_typesupport_introspection_cpp
[0.310s] -- Found rmw_implementation_cmake: 6.1.0 (/opt/ros/humble/share/rmw_implementation_cmake/cmake)
[0.311s] -- Found rmw_fastrtps_cpp: 6.2.1 (/opt/ros/humble/share/rmw_fastrtps_cpp/cmake)
[0.438s] -- Using RMW implementation 'rmw_fastrtps_cpp' as default
[0.604s] -- Found rclcpp_components: 16.0.1 (/opt/ros/humble/share/rclcpp_components/cmake)
[0.724s] -- Configuring done
[0.734s] -- Generating done
[0.735s] -- Build files have been written to: /home/lloyd/cart_ws/src/practical_robot_tools/build/ros_arduino
[0.762s] [35m[1mConsolidate compiler generated dependencies of target test_protocol[0m
[0.780s] [ 33%] [32mBuilding CXX object CMakeFiles/test_protocol.dir/src/SerialMessage.cpp.o[0m
[0.966s] In file included from [01m[K/home/lloyd/cart_ws/src/practical_robot_tools/ros_arduino/src/SerialMessage.cpp:1[m[K:
[0.966s] [01m[K/home/lloyd/cart_ws/src/practical_robot_tools/ros_arduino/include/ros_arduino/SerialMessage.h:30:5:[m[K [01;31m[Kerror: [m[Kâ€˜[01m[Kvector[m[Kâ€™ does not name a type
[0.966s]    30 |     [01;31m[Kvector[m[K<T> data;
[0.966s]       |     [01;31m[K^~~~~~[m[K
[1.021s] [01m[K/home/lloyd/cart_ws/src/practical_robot_tools/ros_arduino/src/SerialMessage.cpp:[m[K In member function â€˜[01m[Kstd::vector<unsigned char> SerialMessage<T>::pack() const[m[Kâ€™:
[1.021s] [01m[K/home/lloyd/cart_ws/src/practical_robot_tools/ros_arduino/src/SerialMessage.cpp:39:28:[m[K [01;31m[Kerror: [m[Kâ€˜[01m[Kdata[m[Kâ€™ was not declared in this scope; did you mean â€˜[01m[Kstd::data[m[Kâ€™?
[1.021s]    39 |     uint16_t data_length = [01;31m[Kdata[m[K.size();          // always 1 for bool
[1.021s]       |                            [01;31m[K^~~~[m[K
[1.021s]       |                            [32m[Kstd::data[m[K
[1.021s] In file included from [01m[K/usr/include/c++/11/string:54[m[K,
[1.021s]                  from [01m[K/home/lloyd/cart_ws/src/practical_robot_tools/ros_arduino/include/ros_arduino/SerialMessage.h:4[m[K,
[1.021s]                  from [01m[K/home/lloyd/cart_ws/src/practical_robot_tools/ros_arduino/src/SerialMessage.cpp:1[m[K:
[1.021s] [01m[K/usr/include/c++/11/bits/range_access.h:319:5:[m[K [01;36m[Knote: [m[Kâ€˜[01m[Kstd::data[m[Kâ€™ declared here
[1.021s]   319 |     [01;36m[Kdata[m[K(initializer_list<_Tp> __il) noexcept
[1.021s]       |     [01;36m[K^~~~[m[K
[1.022s] [01m[K/home/lloyd/cart_ws/src/practical_robot_tools/ros_arduino/src/SerialMessage.cpp:[m[K In member function â€˜[01m[KT SerialMessage<T>::unpack(const std::vector<unsigned char>&)[m[Kâ€™:
[1.022s] [01m[K/home/lloyd/cart_ws/src/practical_robot_tools/ros_arduino/src/SerialMessage.cpp:62:9:[m[K [01;31m[Kerror: [m[Kâ€˜[01m[Kcout[m[Kâ€™ was not declared in this scope; did you mean â€˜[01m[Kstd::cout[m[Kâ€™?
[1.022s]    62 |         [01;31m[Kcout[m[K << "Error - bad packet start" << endl;
[1.023s]       |         [01;31m[K^~~~[m[K
[1.023s]       |         [32m[Kstd::cout[m[K
[1.023s] In file included from [01m[K/home/lloyd/cart_ws/src/practical_robot_tools/ros_arduino/src/SerialMessage.cpp:2[m[K:
[1.023s] [01m[K/usr/include/c++/11/iostream:61:18:[m[K [01;36m[Knote: [m[Kâ€˜[01m[Kstd::cout[m[Kâ€™ declared here
[1.023s]    61 |   extern ostream [01;36m[Kcout[m[K;          /// Linked to standard output
[1.023s]       |                  [01;36m[K^~~~[m[K
[1.023s] [01m[K/home/lloyd/cart_ws/src/practical_robot_tools/ros_arduino/src/SerialMessage.cpp:62:47:[m[K [01;31m[Kerror: [m[Kâ€˜[01m[Kendl[m[Kâ€™ was not declared in this scope; did you mean â€˜[01m[Kstd::endl[m[Kâ€™?
[1.023s]    62 |         cout << "Error - bad packet start" << [01;31m[Kendl[m[K;
[1.023s]       |                                               [01;31m[K^~~~[m[K
[1.023s]       |                                               [32m[Kstd::endl[m[K
[1.023s] In file included from [01m[K/usr/include/c++/11/iostream:39[m[K,
[1.023s]                  from [01m[K/home/lloyd/cart_ws/src/practical_robot_tools/ros_arduino/src/SerialMessage.cpp:2[m[K:
[1.023s] [01m[K/usr/include/c++/11/ostream:684:5:[m[K [01;36m[Knote: [m[Kâ€˜[01m[Kstd::endl[m[Kâ€™ declared here
[1.023s]   684 |     [01;36m[Kendl[m[K(basic_ostream<_CharT, _Traits>& __os)
[1.023s]       |     [01;36m[K^~~~[m[K
[1.023s] [01m[K/home/lloyd/cart_ws/src/practical_robot_tools/ros_arduino/src/SerialMessage.cpp:77:9:[m[K [01;31m[Kerror: [m[Kâ€˜[01m[Kcout[m[Kâ€™ was not declared in this scope; did you mean â€˜[01m[Kstd::cout[m[Kâ€™?
[1.024s]    77 |         [01;31m[Kcout[m[K << "Error - bad checksum . Got " << received_checksum << "  expected  " << checksum << endl;
[1.024s]       |         [01;31m[K^~~~[m[K
[1.024s]       |         [32m[Kstd::cout[m[K
[1.024s] In file included from [01m[K/home/lloyd/cart_ws/src/practical_robot_tools/ros_arduino/src/SerialMessage.cpp:2[m[K:
[1.024s] [01m[K/usr/include/c++/11/iostream:61:18:[m[K [01;36m[Knote: [m[Kâ€˜[01m[Kstd::cout[m[Kâ€™ declared here
[1.024s]    61 |   extern ostream [01;36m[Kcout[m[K;          /// Linked to standard output
[1.024s]       |                  [01;36m[K^~~~[m[K
[1.024s] [01m[K/home/lloyd/cart_ws/src/practical_robot_tools/ros_arduino/src/SerialMessage.cpp:77:101:[m[K [01;31m[Kerror: [m[Kâ€˜[01m[Kendl[m[Kâ€™ was not declared in this scope; did you mean â€˜[01m[Kstd::endl[m[Kâ€™?
[1.024s]    77 |         cout << "Error - bad checksum . Got " << received_checksum << "  expected  " << checksum << [01;31m[Kendl[m[K;
[1.025s]       |                                                                                                     [01;31m[K^~~~[m[K
[1.025s]       |                                                                                                     [32m[Kstd::endl[m[K
[1.025s] In file included from [01m[K/usr/include/c++/11/iostream:39[m[K,
[1.025s]                  from [01m[K/home/lloyd/cart_ws/src/practical_robot_tools/ros_arduino/src/SerialMessage.cpp:2[m[K:
[1.025s] [01m[K/usr/include/c++/11/ostream:684:5:[m[K [01;36m[Knote: [m[Kâ€˜[01m[Kstd::endl[m[Kâ€™ declared here
[1.025s]   684 |     [01;36m[Kendl[m[K(basic_ostream<_CharT, _Traits>& __os)
[1.025s]       |     [01;36m[K^~~~[m[K
[1.025s] [01m[K/home/lloyd/cart_ws/src/practical_robot_tools/ros_arduino/src/SerialMessage.cpp:86:9:[m[K [01;31m[Kerror: [m[Kâ€˜[01m[Ktype[m[Kâ€™ was not declared in this scope; did you mean â€˜[01m[Kwctype[m[Kâ€™?
[1.025s]    86 |     if ([01;31m[Ktype[m[K != MessageType::MSG_TYPE_BOOL  || type != MessageType::MSG_TYPE_INT8 )  ///TODO ADD ALL TYPES
[1.025s]       |         [01;31m[K^~~~[m[K
[1.026s]       |         [32m[Kwctype[m[K
[1.026s] [01m[K/home/lloyd/cart_ws/src/practical_robot_tools/ros_arduino/src/SerialMessage.cpp:88:9:[m[K [01;31m[Kerror: [m[Kâ€˜[01m[Kcout[m[Kâ€™ was not declared in this scope; did you mean â€˜[01m[Kstd::cout[m[Kâ€™?
[1.026s]    88 |         [01;31m[Kcout[m[K << "Error - not a valid type" << endl;
[1.026s]       |         [01;31m[K^~~~[m[K
[1.026s]       |         [32m[Kstd::cout[m[K
[1.026s] In file included from [01m[K/home/lloyd/cart_ws/src/practical_robot_tools/ros_arduino/src/SerialMessage.cpp:2[m[K:
[1.026s] [01m[K/usr/include/c++/11/iostream:61:18:[m[K [01;36m[Knote: [m[Kâ€˜[01m[Kstd::cout[m[Kâ€™ declared here
[1.026s]    61 |   extern ostream [01;36m[Kcout[m[K;          /// Linked to standard output
[1.026s]       |                  [01;36m[K^~~~[m[K
[1.026s] [01m[K/home/lloyd/cart_ws/src/practical_robot_tools/ros_arduino/src/SerialMessage.cpp:88:47:[m[K [01;31m[Kerror: [m[Kâ€˜[01m[Kendl[m[Kâ€™ was not declared in this scope; did you mean â€˜[01m[Kstd::endl[m[Kâ€™?
[1.026s]    88 |         cout << "Error - not a valid type" << [01;31m[Kendl[m[K;
[1.027s]       |                                               [01;31m[K^~~~[m[K
[1.027s]       |                                               [32m[Kstd::endl[m[K
[1.027s] In file included from [01m[K/usr/include/c++/11/iostream:39[m[K,
[1.027s]                  from [01m[K/home/lloyd/cart_ws/src/practical_robot_tools/ros_arduino/src/SerialMessage.cpp:2[m[K:
[1.027s] [01m[K/usr/include/c++/11/ostream:684:5:[m[K [01;36m[Knote: [m[Kâ€˜[01m[Kstd::endl[m[Kâ€™ declared here
[1.027s]   684 |     [01;36m[Kendl[m[K(basic_ostream<_CharT, _Traits>& __os)
[1.027s]       |     [01;36m[K^~~~[m[K
[1.027s] [01m[K/home/lloyd/cart_ws/src/practical_robot_tools/ros_arduino/src/SerialMessage.cpp:99:57:[m[K [01;31m[Kerror: [m[Kâ€˜[01m[Ktopic_length[m[Kâ€™ was not declared in this scope
[1.027s]    99 |     temp.topic(packet.begin() + 7, packet.begin() + 7 + [01;31m[Ktopic_length[m[K);
[1.027s]       |                                                         [01;31m[K^~~~~~~~~~~~[m[K
[1.029s] [01m[K/home/lloyd/cart_ws/src/practical_robot_tools/ros_arduino/src/SerialMessage.cpp:[m[K In member function â€˜[01m[Kstd::string SerialMessage<T>::toString() const[m[Kâ€™:
[1.029s] [01m[K/home/lloyd/cart_ws/src/practical_robot_tools/ros_arduino/src/SerialMessage.cpp:129:25:[m[K [01;31m[Kerror: [m[Kâ€˜[01m[Ktype[m[Kâ€™ was not declared in this scope; did you mean â€˜[01m[Kwctype[m[Kâ€™?
[1.029s]   129 |     str += "  Type: " + [01;31m[Ktype[m[K;
[1.029s]       |                         [01;31m[K^~~~[m[K
[1.029s]       |                         [32m[Kwctype[m[K
[1.055s] gmake[2]: *** [CMakeFiles/test_protocol.dir/build.make:90: CMakeFiles/test_protocol.dir/src/SerialMessage.cpp.o] Error 1
[1.055s] gmake[1]: *** [CMakeFiles/Makefile2:137: CMakeFiles/test_protocol.dir/all] Error 2
[1.056s] gmake: *** [Makefile:146: all] Error 2
[1.058s] Invoked command in '/home/lloyd/cart_ws/src/practical_robot_tools/build/ros_arduino' returned '2': CMAKE_PREFIX_PATH=${CMAKE_PREFIX_PATH}:/opt/ros/humble PS1=\[\033[01;32m\]\u@\h: \[\033[34m\]\W\[\033[00;32m\] $(git_branch)\[\033[00m\]$ /usr/bin/cmake --build /home/lloyd/cart_ws/src/practical_robot_tools/build/ros_arduino -- -j12 -l12
