[35m[1mConsolidate compiler generated dependencies of target test_protocol[0m
[ 33%] [32mBuilding CXX object CMakeFiles/test_protocol.dir/src/SerialMessage.cpp.o[0m
[01m[K/home/lloyd/cart_ws/src/practical_robot_tools/ros_arduino/src/SerialMessage.cpp:[m[K In member function â€˜[01m[KT SerialMessage<T>::unpack(const std::vector<unsigned char>&)[m[Kâ€™:
[01m[K/home/lloyd/cart_ws/src/practical_robot_tools/ros_arduino/src/SerialMessage.cpp:99:57:[m[K [01;31m[Kerror: [m[Kâ€˜[01m[Ktopic_length[m[Kâ€™ was not declared in this scope
   99 |     temp.topic(packet.begin() + 7, packet.begin() + 7 + [01;31m[Ktopic_length[m[K);
      |                                                         [01;31m[K^~~~~~~~~~~~[m[K
[01m[K/home/lloyd/cart_ws/src/practical_robot_tools/ros_arduino/src/SerialMessage.cpp:[m[K In member function â€˜[01m[Kstd::string SerialMessage<T>::toString() const[m[Kâ€™:
[01m[K/home/lloyd/cart_ws/src/practical_robot_tools/ros_arduino/src/SerialMessage.cpp:129:25:[m[K [01;31m[Kerror: [m[Kâ€˜[01m[Ktype[m[Kâ€™ was not declared in this scope; did you mean â€˜[01m[Kwctype[m[Kâ€™?
  129 |     str += "  Type: " + [01;31m[Ktype[m[K;
      |                         [01;31m[K^~~~[m[K
      |                         [32m[Kwctype[m[K
gmake[2]: *** [CMakeFiles/test_protocol.dir/build.make:90: CMakeFiles/test_protocol.dir/src/SerialMessage.cpp.o] Error 1
gmake[1]: *** [CMakeFiles/Makefile2:137: CMakeFiles/test_protocol.dir/all] Error 2
gmake: *** [Makefile:146: all] Error 2
