/usr/bin/ld: CMakeFiles/test_protocol.dir/src/test_protocol.cpp.o: in function `main':
test_protocol.cpp:(.text+0xdb): undefined reference to `ROS2Bool<bool>::ROS2Bool(std::__cxx11::basic_string<char, std::char_traits<char>, std::allocator<char> > const&, bool)'
/usr/bin/ld: test_protocol.cpp:(.text+0x10f): undefined reference to `ROS2Bool<bool>::pack()'
/usr/bin/ld: test_protocol.cpp:(.text+0xb95): undefined reference to `ROS2Bool<bool>::ROS2Bool()'
/usr/bin/ld: test_protocol.cpp:(.text+0xbae): undefined reference to `ROS2Bool<bool>::unpack(std::vector<unsigned char, std::allocator<unsigned char> > const&)'
/usr/bin/ld: test_protocol.cpp:(.text+0xbe0): undefined reference to `ROS2Bool<bool>::toString[abi:cxx11]() const'
/usr/bin/ld: test_protocol.cpp:(.text+0xc3f): undefined reference to `ROS2Bool<bool>::toString[abi:cxx11]() const'
/usr/bin/ld: test_protocol.cpp:(.text+0xca2): undefined reference to `ROS2Bool<bool>::toString[abi:cxx11]() const'
/usr/bin/ld: test_protocol.cpp:(.text+0xce5): undefined reference to `ROS2Bool<bool>::ROS2Bool(ROS2Bool<bool> const&)'
/usr/bin/ld: test_protocol.cpp:(.text+0xd1a): undefined reference to `ROS2Bool<bool>::toString[abi:cxx11]() const'
/usr/bin/ld: test_protocol.cpp:(.text+0xd63): undefined reference to `ROS2Bool<bool>::pack()'
/usr/bin/ld: test_protocol.cpp:(.text+0xe0c): undefined reference to `ROS2Bool<bool>::~ROS2Bool()'
/usr/bin/ld: test_protocol.cpp:(.text+0xe1b): undefined reference to `ROS2Bool<bool>::~ROS2Bool()'
/usr/bin/ld: test_protocol.cpp:(.text+0xe39): undefined reference to `ROS2Bool<bool>::~ROS2Bool()'
/usr/bin/ld: test_protocol.cpp:(.text+0xf86): undefined reference to `ROS2Bool<bool>::~ROS2Bool()'
/usr/bin/ld: test_protocol.cpp:(.text+0xf9e): undefined reference to `ROS2Bool<bool>::~ROS2Bool()'
/usr/bin/ld: CMakeFiles/test_protocol.dir/src/test_protocol.cpp.o:test_protocol.cpp:(.text+0xfce): more undefined references to `ROS2Bool<bool>::~ROS2Bool()' follow
collect2: error: ld returned 1 exit status
gmake[2]: *** [CMakeFiles/test_protocol.dir/build.make:175: test_protocol] Error 1
gmake[1]: *** [CMakeFiles/Makefile2:137: CMakeFiles/test_protocol.dir/all] Error 2
gmake: *** [Makefile:146: all] Error 2
